{"contracts/ERC721.sol":{"l":{"43":60,"44":60,"57":0,"67":0,"68":0,"75":35,"76":35,"77":35,"84":1,"91":1,"98":0,"100":0,"101":0,"110":0,"117":13,"118":13,"125":13,"132":3,"134":3,"141":0,"143":0,"144":0,"157":0,"169":0,"174":0,"185":0,"197":3,"201":3,"228":3,"229":3,"244":37,"260":3,"261":3,"262":3,"278":13,"290":13,"291":13,"310":13,"311":13,"313":13,"315":13,"316":13,"318":13,"332":0,"334":0,"337":0,"339":0,"340":0,"342":0,"361":3,"362":3,"364":3,"367":3,"369":3,"370":3,"371":3,"373":3,"382":16,"383":16,"402":16,"403":0,"406":0,"408":0,"409":0,"412":0,"418":16},"path":"/home/filippofantinato/Desktop/Stage/NFTLab/smart-contract-ethereum/contracts/ERC721.sol","s":{"1":60,"2":60,"3":0,"4":0,"5":0,"6":35,"7":35,"8":35,"9":1,"10":1,"11":0,"12":0,"13":0,"14":0,"15":13,"16":13,"17":13,"18":3,"19":3,"20":0,"21":0,"22":0,"23":0,"24":0,"25":0,"26":0,"27":3,"28":3,"29":3,"30":3,"31":37,"32":3,"33":3,"34":3,"35":13,"36":13,"37":13,"38":13,"39":13,"40":13,"41":13,"42":13,"43":13,"44":0,"45":0,"46":0,"47":0,"48":0,"49":3,"50":3,"51":3,"52":3,"53":3,"54":3,"55":3,"56":3,"57":16,"58":16,"59":16,"60":0,"61":0,"62":0,"63":0,"64":16},"b":{"1":[0,0],"2":[35,0],"3":[0,0],"4":[13,0],"5":[3,0],"6":[0,0],"7":[0,0],"8":[3,0],"9":[3,0],"10":[3,0],"11":[13,0],"12":[13,0],"13":[13,0],"14":[3,0],"15":[3,0],"16":[0,16],"17":[0,0]},"f":{"1":60,"2":0,"3":0,"4":35,"5":1,"6":1,"7":0,"8":0,"9":13,"10":3,"11":0,"12":0,"13":0,"14":0,"15":3,"16":3,"17":37,"18":3,"19":13,"20":13,"21":13,"22":0,"23":3,"24":16,"25":16,"26":16},"fnMap":{"1":{"name":"constructor","line":42,"loc":{"start":{"line":42,"column":4},"end":{"line":45,"column":4}}},"2":{"name":"supportsInterface","line":50,"loc":{"start":{"line":50,"column":4},"end":{"line":61,"column":4}}},"3":{"name":"balanceOf","line":66,"loc":{"start":{"line":66,"column":4},"end":{"line":69,"column":4}}},"4":{"name":"ownerOf","line":74,"loc":{"start":{"line":74,"column":4},"end":{"line":78,"column":4}}},"5":{"name":"name","line":83,"loc":{"start":{"line":83,"column":4},"end":{"line":85,"column":4}}},"6":{"name":"symbol","line":90,"loc":{"start":{"line":90,"column":4},"end":{"line":92,"column":4}}},"7":{"name":"tokenURI","line":97,"loc":{"start":{"line":97,"column":4},"end":{"line":103,"column":4}}},"8":{"name":"_baseURI","line":109,"loc":{"start":{"line":109,"column":4},"end":{"line":111,"column":4}}},"9":{"name":"approve","line":116,"loc":{"start":{"line":116,"column":4},"end":{"line":126,"column":4}}},"10":{"name":"getApproved","line":131,"loc":{"start":{"line":131,"column":4},"end":{"line":135,"column":4}}},"11":{"name":"setApprovalForAll","line":140,"loc":{"start":{"line":140,"column":4},"end":{"line":145,"column":4}}},"12":{"name":"isApprovedForAll","line":150,"loc":{"start":{"line":150,"column":4},"end":{"line":158,"column":4}}},"13":{"name":"transferFrom","line":163,"loc":{"start":{"line":163,"column":4},"end":{"line":175,"column":4}}},"14":{"name":"safeTransferFrom","line":180,"loc":{"start":{"line":180,"column":4},"end":{"line":186,"column":4}}},"15":{"name":"safeTransferFrom","line":191,"loc":{"start":{"line":191,"column":4},"end":{"line":202,"column":4}}},"16":{"name":"_safeTransfer","line":222,"loc":{"start":{"line":222,"column":4},"end":{"line":233,"column":4}}},"17":{"name":"_exists","line":243,"loc":{"start":{"line":243,"column":4},"end":{"line":245,"column":4}}},"18":{"name":"_isApprovedOrOwner","line":254,"loc":{"start":{"line":254,"column":4},"end":{"line":265,"column":4}}},"19":{"name":"_safeMint","line":277,"loc":{"start":{"line":277,"column":4},"end":{"line":279,"column":4}}},"20":{"name":"_safeMint","line":285,"loc":{"start":{"line":285,"column":4},"end":{"line":295,"column":4}}},"21":{"name":"_mint","line":309,"loc":{"start":{"line":309,"column":4},"end":{"line":319,"column":4}}},"22":{"name":"_burn","line":331,"loc":{"start":{"line":331,"column":4},"end":{"line":343,"column":4}}},"23":{"name":"_transfer","line":356,"loc":{"start":{"line":356,"column":4},"end":{"line":374,"column":4}}},"24":{"name":"_approve","line":381,"loc":{"start":{"line":381,"column":4},"end":{"line":384,"column":4}}},"25":{"name":"_checkOnERC721Received","line":396,"loc":{"start":{"line":396,"column":4},"end":{"line":420,"column":4}}},"26":{"name":"_beforeTokenTransfer","line":437,"loc":{"start":{"line":437,"column":4},"end":{"line":441,"column":24}}}},"statementMap":{"1":{"start":{"line":43,"column":8},"end":{"line":43,"column":20}},"2":{"start":{"line":44,"column":8},"end":{"line":44,"column":24}},"3":{"start":{"line":57,"column":8},"end":{"line":57,"column":1884}},"4":{"start":{"line":67,"column":8},"end":{"line":67,"column":81}},"5":{"start":{"line":68,"column":8},"end":{"line":68,"column":31}},"6":{"start":{"line":75,"column":8},"end":{"line":75,"column":40}},"7":{"start":{"line":76,"column":8},"end":{"line":76,"column":80}},"8":{"start":{"line":77,"column":8},"end":{"line":77,"column":20}},"9":{"start":{"line":84,"column":8},"end":{"line":84,"column":20}},"10":{"start":{"line":91,"column":8},"end":{"line":91,"column":22}},"11":{"start":{"line":98,"column":8},"end":{"line":98,"column":83}},"12":{"start":{"line":100,"column":8},"end":{"line":100,"column":42}},"13":{"start":{"line":101,"column":8},"end":{"line":101,"column":3293}},"14":{"start":{"line":110,"column":8},"end":{"line":110,"column":17}},"15":{"start":{"line":117,"column":8},"end":{"line":117,"column":47}},"16":{"start":{"line":118,"column":8},"end":{"line":118,"column":64}},"17":{"start":{"line":125,"column":8},"end":{"line":125,"column":28}},"18":{"start":{"line":132,"column":8},"end":{"line":132,"column":80}},"19":{"start":{"line":134,"column":8},"end":{"line":134,"column":39}},"20":{"start":{"line":141,"column":8},"end":{"line":141,"column":69}},"21":{"start":{"line":143,"column":8},"end":{"line":143,"column":60}},"22":{"start":{"line":144,"column":8},"end":{"line":144,"column":61}},"23":{"start":{"line":157,"column":8},"end":{"line":157,"column":50}},"24":{"start":{"line":169,"column":8},"end":{"line":169,"column":5158}},"25":{"start":{"line":174,"column":8},"end":{"line":174,"column":35}},"26":{"start":{"line":185,"column":8},"end":{"line":185,"column":46}},"27":{"start":{"line":197,"column":8},"end":{"line":197,"column":5813}},"28":{"start":{"line":201,"column":8},"end":{"line":201,"column":46}},"29":{"start":{"line":228,"column":8},"end":{"line":228,"column":35}},"30":{"start":{"line":229,"column":8},"end":{"line":229,"column":7057}},"31":{"start":{"line":244,"column":8},"end":{"line":244,"column":45}},"32":{"start":{"line":260,"column":8},"end":{"line":260,"column":80}},"33":{"start":{"line":261,"column":8},"end":{"line":261,"column":47}},"34":{"start":{"line":262,"column":8},"end":{"line":262,"column":8109}},"35":{"start":{"line":278,"column":8},"end":{"line":278,"column":33}},"36":{"start":{"line":290,"column":8},"end":{"line":290,"column":25}},"37":{"start":{"line":291,"column":8},"end":{"line":291,"column":9011}},"38":{"start":{"line":310,"column":8},"end":{"line":310,"column":68}},"39":{"start":{"line":311,"column":8},"end":{"line":311,"column":65}},"40":{"start":{"line":313,"column":8},"end":{"line":313,"column":52}},"41":{"start":{"line":315,"column":8},"end":{"line":315,"column":25}},"42":{"start":{"line":316,"column":8},"end":{"line":316,"column":28}},"43":{"start":{"line":318,"column":8},"end":{"line":318,"column":46}},"44":{"start":{"line":332,"column":8},"end":{"line":332,"column":47}},"45":{"start":{"line":334,"column":8},"end":{"line":334,"column":55}},"46":{"start":{"line":337,"column":8},"end":{"line":337,"column":36}},"47":{"start":{"line":339,"column":8},"end":{"line":339,"column":28}},"48":{"start":{"line":342,"column":8},"end":{"line":342,"column":49}},"49":{"start":{"line":361,"column":8},"end":{"line":361,"column":92}},"50":{"start":{"line":362,"column":8},"end":{"line":362,"column":72}},"51":{"start":{"line":364,"column":8},"end":{"line":364,"column":46}},"52":{"start":{"line":367,"column":8},"end":{"line":367,"column":36}},"53":{"start":{"line":369,"column":8},"end":{"line":369,"column":27}},"54":{"start":{"line":370,"column":8},"end":{"line":370,"column":25}},"55":{"start":{"line":371,"column":8},"end":{"line":371,"column":28}},"56":{"start":{"line":373,"column":8},"end":{"line":373,"column":40}},"57":{"start":{"line":382,"column":8},"end":{"line":382,"column":36}},"58":{"start":{"line":383,"column":8},"end":{"line":383,"column":59}},"59":{"start":{"line":402,"column":8},"end":{"line":402,"column":12313}},"60":{"start":{"line":403,"column":12},"end":{"line":403,"column":12352}},"61":{"start":{"line":406,"column":16},"end":{"line":406,"column":78}},"62":{"start":{"line":408,"column":16},"end":{"line":408,"column":12629}},"63":{"start":{"line":409,"column":20},"end":{"line":409,"column":79}},"64":{"start":{"line":418,"column":12},"end":{"line":418,"column":23}}},"branchMap":{"1":{"line":67,"type":"if","locations":[{"start":{"line":67,"column":8},"end":{"line":67,"column":8}},{"start":{"line":67,"column":8},"end":{"line":67,"column":8}}]},"2":{"line":76,"type":"if","locations":[{"start":{"line":76,"column":8},"end":{"line":76,"column":8}},{"start":{"line":76,"column":8},"end":{"line":76,"column":8}}]},"3":{"line":98,"type":"if","locations":[{"start":{"line":98,"column":8},"end":{"line":98,"column":8}},{"start":{"line":98,"column":8},"end":{"line":98,"column":8}}]},"4":{"line":118,"type":"if","locations":[{"start":{"line":118,"column":8},"end":{"line":118,"column":8}},{"start":{"line":118,"column":8},"end":{"line":118,"column":8}}]},"5":{"line":132,"type":"if","locations":[{"start":{"line":132,"column":8},"end":{"line":132,"column":8}},{"start":{"line":132,"column":8},"end":{"line":132,"column":8}}]},"6":{"line":141,"type":"if","locations":[{"start":{"line":141,"column":8},"end":{"line":141,"column":8}},{"start":{"line":141,"column":8},"end":{"line":141,"column":8}}]},"7":{"line":169,"type":"if","locations":[{"start":{"line":169,"column":8},"end":{"line":169,"column":8}},{"start":{"line":169,"column":8},"end":{"line":169,"column":8}}]},"8":{"line":197,"type":"if","locations":[{"start":{"line":197,"column":8},"end":{"line":197,"column":8}},{"start":{"line":197,"column":8},"end":{"line":197,"column":8}}]},"9":{"line":229,"type":"if","locations":[{"start":{"line":229,"column":8},"end":{"line":229,"column":8}},{"start":{"line":229,"column":8},"end":{"line":229,"column":8}}]},"10":{"line":260,"type":"if","locations":[{"start":{"line":260,"column":8},"end":{"line":260,"column":8}},{"start":{"line":260,"column":8},"end":{"line":260,"column":8}}]},"11":{"line":291,"type":"if","locations":[{"start":{"line":291,"column":8},"end":{"line":291,"column":8}},{"start":{"line":291,"column":8},"end":{"line":291,"column":8}}]},"12":{"line":310,"type":"if","locations":[{"start":{"line":310,"column":8},"end":{"line":310,"column":8}},{"start":{"line":310,"column":8},"end":{"line":310,"column":8}}]},"13":{"line":311,"type":"if","locations":[{"start":{"line":311,"column":8},"end":{"line":311,"column":8}},{"start":{"line":311,"column":8},"end":{"line":311,"column":8}}]},"14":{"line":361,"type":"if","locations":[{"start":{"line":361,"column":8},"end":{"line":361,"column":8}},{"start":{"line":361,"column":8},"end":{"line":361,"column":8}}]},"15":{"line":362,"type":"if","locations":[{"start":{"line":362,"column":8},"end":{"line":362,"column":8}},{"start":{"line":362,"column":8},"end":{"line":362,"column":8}}]},"16":{"line":402,"type":"if","locations":[{"start":{"line":402,"column":8},"end":{"line":402,"column":8}},{"start":{"line":402,"column":8},"end":{"line":402,"column":8}}]},"17":{"line":408,"type":"if","locations":[{"start":{"line":408,"column":16},"end":{"line":408,"column":16}},{"start":{"line":408,"column":16},"end":{"line":408,"column":16}}]}}},"contracts/ERC721URIStorage.sol":{"l":{"19":1,"21":1,"22":1,"25":1,"26":0,"29":1,"30":1,"33":0,"44":13,"45":13,"59":0,"61":0,"62":0},"path":"/home/filippofantinato/Desktop/Stage/NFTLab/smart-contract-ethereum/contracts/ERC721URIStorage.sol","s":{"1":1,"2":1,"3":1,"4":1,"5":0,"6":1,"7":1,"8":0,"9":13,"10":13,"11":0,"12":0},"b":{"1":[1,0],"2":[0,1],"3":[1,0],"4":[13,0],"5":[0,0]},"f":{"1":1,"2":13,"3":0},"fnMap":{"1":{"name":"tokenURI","line":18,"loc":{"start":{"line":18,"column":4},"end":{"line":34,"column":4}}},"2":{"name":"_setTokenURI","line":43,"loc":{"start":{"line":43,"column":4},"end":{"line":46,"column":4}}},"3":{"name":"_burn","line":58,"loc":{"start":{"line":58,"column":4},"end":{"line":64,"column":4}}}},"statementMap":{"1":{"start":{"line":19,"column":8},"end":{"line":19,"column":85}},"2":{"start":{"line":21,"column":8},"end":{"line":21,"column":53}},"3":{"start":{"line":22,"column":8},"end":{"line":22,"column":39}},"4":{"start":{"line":25,"column":8},"end":{"line":25,"column":737}},"5":{"start":{"line":26,"column":12},"end":{"line":26,"column":28}},"6":{"start":{"line":29,"column":8},"end":{"line":29,"column":905}},"7":{"start":{"line":30,"column":12},"end":{"line":30,"column":60}},"8":{"start":{"line":33,"column":8},"end":{"line":33,"column":38}},"9":{"start":{"line":44,"column":8},"end":{"line":44,"column":82}},"10":{"start":{"line":45,"column":8},"end":{"line":45,"column":38}},"11":{"start":{"line":59,"column":8},"end":{"line":59,"column":27}},"12":{"start":{"line":61,"column":8},"end":{"line":61,"column":1735}}},"branchMap":{"1":{"line":19,"type":"if","locations":[{"start":{"line":19,"column":8},"end":{"line":19,"column":8}},{"start":{"line":19,"column":8},"end":{"line":19,"column":8}}]},"2":{"line":25,"type":"if","locations":[{"start":{"line":25,"column":8},"end":{"line":25,"column":8}},{"start":{"line":25,"column":8},"end":{"line":25,"column":8}}]},"3":{"line":29,"type":"if","locations":[{"start":{"line":29,"column":8},"end":{"line":29,"column":8}},{"start":{"line":29,"column":8},"end":{"line":29,"column":8}}]},"4":{"line":44,"type":"if","locations":[{"start":{"line":44,"column":8},"end":{"line":44,"column":8}},{"start":{"line":44,"column":8},"end":{"line":44,"column":8}}]},"5":{"line":61,"type":"if","locations":[{"start":{"line":61,"column":8},"end":{"line":61,"column":8}},{"start":{"line":61,"column":8},"end":{"line":61,"column":8}}]}}},"contracts/NFTLabStore.sol":{"l":{"44":60,"48":32,"49":26,"53":14,"55":13,"57":13,"59":13,"60":13,"62":13,"63":13,"65":13,"67":13,"71":3,"73":3,"75":3,"77":3,"87":2,"89":1,"93":3,"95":2,"99":2,"101":1,"105":2,"107":1,"111":1},"path":"/home/filippofantinato/Desktop/Stage/NFTLab/smart-contract-ethereum/contracts/NFTLabStore.sol","s":{"1":60,"2":32,"3":14,"4":13,"5":13,"6":13,"7":13,"8":13,"9":13,"10":13,"11":13,"12":3,"13":3,"14":3,"15":3,"16":2,"17":1,"18":3,"19":2,"20":2,"21":1,"22":2,"23":1,"24":1},"b":{"1":[26,6],"2":[13,1],"3":[1,1],"4":[2,1],"5":[1,1],"6":[1,1]},"f":{"1":60,"2":32,"3":14,"4":3,"5":2,"6":3,"7":2,"8":2,"9":1},"fnMap":{"1":{"name":"constructor","line":43,"loc":{"start":{"line":43,"column":4},"end":{"line":45,"column":4}}},"2":{"name":"isOwner","line":47,"loc":{"start":{"line":47,"column":4},"end":{"line":50,"column":4}}},"3":{"name":"mint","line":52,"loc":{"start":{"line":52,"column":4},"end":{"line":68,"column":4}}},"4":{"name":"transfer","line":70,"loc":{"start":{"line":70,"column":4},"end":{"line":84,"column":4}}},"5":{"name":"getHistory","line":86,"loc":{"start":{"line":86,"column":4},"end":{"line":90,"column":4}}},"6":{"name":"getTokenId","line":92,"loc":{"start":{"line":92,"column":4},"end":{"line":96,"column":4}}},"7":{"name":"getNFTByHash","line":98,"loc":{"start":{"line":98,"column":4},"end":{"line":102,"column":4}}},"8":{"name":"getNFTById","line":104,"loc":{"start":{"line":104,"column":4},"end":{"line":108,"column":4}}},"9":{"name":"_baseURI","line":110,"loc":{"start":{"line":110,"column":4},"end":{"line":112,"column":4}}}},"statementMap":{"1":{"start":{"line":44,"column":8},"end":{"line":44,"column":26}},"2":{"start":{"line":48,"column":8},"end":{"line":48,"column":73}},"3":{"start":{"line":53,"column":8},"end":{"line":53,"column":61}},"4":{"start":{"line":55,"column":8},"end":{"line":55,"column":28}},"5":{"start":{"line":57,"column":8},"end":{"line":57,"column":48}},"6":{"start":{"line":59,"column":8},"end":{"line":59,"column":40}},"7":{"start":{"line":60,"column":8},"end":{"line":60,"column":41}},"8":{"start":{"line":62,"column":8},"end":{"line":62,"column":30}},"9":{"start":{"line":63,"column":8},"end":{"line":63,"column":39}},"10":{"start":{"line":65,"column":8},"end":{"line":65,"column":34}},"11":{"start":{"line":67,"column":8},"end":{"line":67,"column":56}},"12":{"start":{"line":71,"column":8},"end":{"line":71,"column":45}},"13":{"start":{"line":73,"column":8},"end":{"line":73,"column":75}},"14":{"start":{"line":75,"column":8},"end":{"line":75,"column":42}},"15":{"start":{"line":77,"column":8},"end":{"line":77,"column":1910}},"16":{"start":{"line":87,"column":8},"end":{"line":87,"column":84}},"17":{"start":{"line":89,"column":8},"end":{"line":89,"column":32}},"18":{"start":{"line":93,"column":8},"end":{"line":93,"column":83}},"19":{"start":{"line":95,"column":8},"end":{"line":95,"column":30}},"20":{"start":{"line":99,"column":8},"end":{"line":99,"column":73}},"21":{"start":{"line":101,"column":8},"end":{"line":101,"column":37}},"22":{"start":{"line":105,"column":8},"end":{"line":105,"column":64}},"23":{"start":{"line":107,"column":8},"end":{"line":107,"column":24}},"24":{"start":{"line":111,"column":8},"end":{"line":111,"column":50}}},"branchMap":{"1":{"line":48,"type":"if","locations":[{"start":{"line":48,"column":8},"end":{"line":48,"column":8}},{"start":{"line":48,"column":8},"end":{"line":48,"column":8}}]},"2":{"line":53,"type":"if","locations":[{"start":{"line":53,"column":8},"end":{"line":53,"column":8}},{"start":{"line":53,"column":8},"end":{"line":53,"column":8}}]},"3":{"line":87,"type":"if","locations":[{"start":{"line":87,"column":8},"end":{"line":87,"column":8}},{"start":{"line":87,"column":8},"end":{"line":87,"column":8}}]},"4":{"line":93,"type":"if","locations":[{"start":{"line":93,"column":8},"end":{"line":93,"column":8}},{"start":{"line":93,"column":8},"end":{"line":93,"column":8}}]},"5":{"line":99,"type":"if","locations":[{"start":{"line":99,"column":8},"end":{"line":99,"column":8}},{"start":{"line":99,"column":8},"end":{"line":99,"column":8}}]},"6":{"line":105,"type":"if","locations":[{"start":{"line":105,"column":8},"end":{"line":105,"column":8}},{"start":{"line":105,"column":8},"end":{"line":105,"column":8}}]}}}}