{"contracts/ERC721.sol":{"l":{"44":60,"45":60,"58":0,"68":0,"69":0,"76":35,"77":35,"78":35,"85":1,"92":1,"99":0,"101":0,"102":0,"111":0,"118":13,"119":13,"126":13,"133":3,"135":3,"142":0,"144":0,"145":0,"158":0,"170":0,"175":0,"186":0,"198":3,"202":3,"229":3,"230":3,"245":37,"261":3,"262":3,"263":3,"279":13,"291":13,"292":13,"311":13,"312":13,"314":13,"316":13,"317":13,"319":13,"333":0,"335":0,"338":0,"340":0,"341":0,"343":0,"362":3,"363":3,"365":3,"368":3,"370":3,"371":3,"372":3,"374":3,"383":16,"384":16,"403":16,"404":0,"407":0,"409":0,"410":0,"413":0,"419":16},"path":"/home/filippofantinato/Desktop/Stage/NFTLab/smart-contract-ethereum/smart-contract/contracts/ERC721.sol","s":{"1":60,"2":60,"3":0,"4":0,"5":0,"6":35,"7":35,"8":35,"9":1,"10":1,"11":0,"12":0,"13":0,"14":0,"15":13,"16":13,"17":13,"18":3,"19":3,"20":0,"21":0,"22":0,"23":0,"24":0,"25":0,"26":0,"27":3,"28":3,"29":3,"30":3,"31":37,"32":3,"33":3,"34":3,"35":13,"36":13,"37":13,"38":13,"39":13,"40":13,"41":13,"42":13,"43":13,"44":0,"45":0,"46":0,"47":0,"48":0,"49":3,"50":3,"51":3,"52":3,"53":3,"54":3,"55":3,"56":3,"57":16,"58":16,"59":16,"60":0,"61":0,"62":0,"63":0,"64":16},"b":{"1":[0,0],"2":[35,0],"3":[0,0],"4":[13,0],"5":[3,0],"6":[0,0],"7":[0,0],"8":[3,0],"9":[3,0],"10":[3,0],"11":[13,0],"12":[13,0],"13":[13,0],"14":[3,0],"15":[3,0],"16":[0,16],"17":[0,0]},"f":{"1":60,"2":0,"3":0,"4":35,"5":1,"6":1,"7":0,"8":0,"9":13,"10":3,"11":0,"12":0,"13":0,"14":0,"15":3,"16":3,"17":37,"18":3,"19":13,"20":13,"21":13,"22":0,"23":3,"24":16,"25":16,"26":16},"fnMap":{"1":{"name":"constructor","line":43,"loc":{"start":{"line":43,"column":4},"end":{"line":46,"column":4}}},"2":{"name":"supportsInterface","line":51,"loc":{"start":{"line":51,"column":4},"end":{"line":62,"column":4}}},"3":{"name":"balanceOf","line":67,"loc":{"start":{"line":67,"column":4},"end":{"line":70,"column":4}}},"4":{"name":"ownerOf","line":75,"loc":{"start":{"line":75,"column":4},"end":{"line":79,"column":4}}},"5":{"name":"name","line":84,"loc":{"start":{"line":84,"column":4},"end":{"line":86,"column":4}}},"6":{"name":"symbol","line":91,"loc":{"start":{"line":91,"column":4},"end":{"line":93,"column":4}}},"7":{"name":"tokenURI","line":98,"loc":{"start":{"line":98,"column":4},"end":{"line":104,"column":4}}},"8":{"name":"_baseURI","line":110,"loc":{"start":{"line":110,"column":4},"end":{"line":112,"column":4}}},"9":{"name":"approve","line":117,"loc":{"start":{"line":117,"column":4},"end":{"line":127,"column":4}}},"10":{"name":"getApproved","line":132,"loc":{"start":{"line":132,"column":4},"end":{"line":136,"column":4}}},"11":{"name":"setApprovalForAll","line":141,"loc":{"start":{"line":141,"column":4},"end":{"line":146,"column":4}}},"12":{"name":"isApprovedForAll","line":151,"loc":{"start":{"line":151,"column":4},"end":{"line":159,"column":4}}},"13":{"name":"transferFrom","line":164,"loc":{"start":{"line":164,"column":4},"end":{"line":176,"column":4}}},"14":{"name":"safeTransferFrom","line":181,"loc":{"start":{"line":181,"column":4},"end":{"line":187,"column":4}}},"15":{"name":"safeTransferFrom","line":192,"loc":{"start":{"line":192,"column":4},"end":{"line":203,"column":4}}},"16":{"name":"_safeTransfer","line":223,"loc":{"start":{"line":223,"column":4},"end":{"line":234,"column":4}}},"17":{"name":"_exists","line":244,"loc":{"start":{"line":244,"column":4},"end":{"line":246,"column":4}}},"18":{"name":"_isApprovedOrOwner","line":255,"loc":{"start":{"line":255,"column":4},"end":{"line":266,"column":4}}},"19":{"name":"_safeMint","line":278,"loc":{"start":{"line":278,"column":4},"end":{"line":280,"column":4}}},"20":{"name":"_safeMint","line":286,"loc":{"start":{"line":286,"column":4},"end":{"line":296,"column":4}}},"21":{"name":"_mint","line":310,"loc":{"start":{"line":310,"column":4},"end":{"line":320,"column":4}}},"22":{"name":"_burn","line":332,"loc":{"start":{"line":332,"column":4},"end":{"line":344,"column":4}}},"23":{"name":"_transfer","line":357,"loc":{"start":{"line":357,"column":4},"end":{"line":375,"column":4}}},"24":{"name":"_approve","line":382,"loc":{"start":{"line":382,"column":4},"end":{"line":385,"column":4}}},"25":{"name":"_checkOnERC721Received","line":397,"loc":{"start":{"line":397,"column":4},"end":{"line":421,"column":4}}},"26":{"name":"_beforeTokenTransfer","line":438,"loc":{"start":{"line":438,"column":4},"end":{"line":442,"column":24}}}},"statementMap":{"1":{"start":{"line":44,"column":8},"end":{"line":44,"column":20}},"2":{"start":{"line":45,"column":8},"end":{"line":45,"column":24}},"3":{"start":{"line":58,"column":8},"end":{"line":58,"column":1884}},"4":{"start":{"line":68,"column":8},"end":{"line":68,"column":81}},"5":{"start":{"line":69,"column":8},"end":{"line":69,"column":31}},"6":{"start":{"line":76,"column":8},"end":{"line":76,"column":40}},"7":{"start":{"line":77,"column":8},"end":{"line":77,"column":80}},"8":{"start":{"line":78,"column":8},"end":{"line":78,"column":20}},"9":{"start":{"line":85,"column":8},"end":{"line":85,"column":20}},"10":{"start":{"line":92,"column":8},"end":{"line":92,"column":22}},"11":{"start":{"line":99,"column":8},"end":{"line":99,"column":83}},"12":{"start":{"line":101,"column":8},"end":{"line":101,"column":42}},"13":{"start":{"line":102,"column":8},"end":{"line":102,"column":3293}},"14":{"start":{"line":111,"column":8},"end":{"line":111,"column":17}},"15":{"start":{"line":118,"column":8},"end":{"line":118,"column":47}},"16":{"start":{"line":119,"column":8},"end":{"line":119,"column":64}},"17":{"start":{"line":126,"column":8},"end":{"line":126,"column":28}},"18":{"start":{"line":133,"column":8},"end":{"line":133,"column":80}},"19":{"start":{"line":135,"column":8},"end":{"line":135,"column":39}},"20":{"start":{"line":142,"column":8},"end":{"line":142,"column":69}},"21":{"start":{"line":144,"column":8},"end":{"line":144,"column":60}},"22":{"start":{"line":145,"column":8},"end":{"line":145,"column":61}},"23":{"start":{"line":158,"column":8},"end":{"line":158,"column":50}},"24":{"start":{"line":170,"column":8},"end":{"line":170,"column":5158}},"25":{"start":{"line":175,"column":8},"end":{"line":175,"column":35}},"26":{"start":{"line":186,"column":8},"end":{"line":186,"column":46}},"27":{"start":{"line":198,"column":8},"end":{"line":198,"column":5813}},"28":{"start":{"line":202,"column":8},"end":{"line":202,"column":46}},"29":{"start":{"line":229,"column":8},"end":{"line":229,"column":35}},"30":{"start":{"line":230,"column":8},"end":{"line":230,"column":7057}},"31":{"start":{"line":245,"column":8},"end":{"line":245,"column":45}},"32":{"start":{"line":261,"column":8},"end":{"line":261,"column":80}},"33":{"start":{"line":262,"column":8},"end":{"line":262,"column":47}},"34":{"start":{"line":263,"column":8},"end":{"line":263,"column":8109}},"35":{"start":{"line":279,"column":8},"end":{"line":279,"column":33}},"36":{"start":{"line":291,"column":8},"end":{"line":291,"column":25}},"37":{"start":{"line":292,"column":8},"end":{"line":292,"column":9011}},"38":{"start":{"line":311,"column":8},"end":{"line":311,"column":68}},"39":{"start":{"line":312,"column":8},"end":{"line":312,"column":65}},"40":{"start":{"line":314,"column":8},"end":{"line":314,"column":52}},"41":{"start":{"line":316,"column":8},"end":{"line":316,"column":25}},"42":{"start":{"line":317,"column":8},"end":{"line":317,"column":28}},"43":{"start":{"line":319,"column":8},"end":{"line":319,"column":46}},"44":{"start":{"line":333,"column":8},"end":{"line":333,"column":47}},"45":{"start":{"line":335,"column":8},"end":{"line":335,"column":55}},"46":{"start":{"line":338,"column":8},"end":{"line":338,"column":36}},"47":{"start":{"line":340,"column":8},"end":{"line":340,"column":28}},"48":{"start":{"line":343,"column":8},"end":{"line":343,"column":49}},"49":{"start":{"line":362,"column":8},"end":{"line":362,"column":92}},"50":{"start":{"line":363,"column":8},"end":{"line":363,"column":72}},"51":{"start":{"line":365,"column":8},"end":{"line":365,"column":46}},"52":{"start":{"line":368,"column":8},"end":{"line":368,"column":36}},"53":{"start":{"line":370,"column":8},"end":{"line":370,"column":27}},"54":{"start":{"line":371,"column":8},"end":{"line":371,"column":25}},"55":{"start":{"line":372,"column":8},"end":{"line":372,"column":28}},"56":{"start":{"line":374,"column":8},"end":{"line":374,"column":40}},"57":{"start":{"line":383,"column":8},"end":{"line":383,"column":36}},"58":{"start":{"line":384,"column":8},"end":{"line":384,"column":59}},"59":{"start":{"line":403,"column":8},"end":{"line":403,"column":12313}},"60":{"start":{"line":404,"column":12},"end":{"line":404,"column":12352}},"61":{"start":{"line":407,"column":16},"end":{"line":407,"column":78}},"62":{"start":{"line":409,"column":16},"end":{"line":409,"column":12629}},"63":{"start":{"line":410,"column":20},"end":{"line":410,"column":79}},"64":{"start":{"line":419,"column":12},"end":{"line":419,"column":23}}},"branchMap":{"1":{"line":68,"type":"if","locations":[{"start":{"line":68,"column":8},"end":{"line":68,"column":8}},{"start":{"line":68,"column":8},"end":{"line":68,"column":8}}]},"2":{"line":77,"type":"if","locations":[{"start":{"line":77,"column":8},"end":{"line":77,"column":8}},{"start":{"line":77,"column":8},"end":{"line":77,"column":8}}]},"3":{"line":99,"type":"if","locations":[{"start":{"line":99,"column":8},"end":{"line":99,"column":8}},{"start":{"line":99,"column":8},"end":{"line":99,"column":8}}]},"4":{"line":119,"type":"if","locations":[{"start":{"line":119,"column":8},"end":{"line":119,"column":8}},{"start":{"line":119,"column":8},"end":{"line":119,"column":8}}]},"5":{"line":133,"type":"if","locations":[{"start":{"line":133,"column":8},"end":{"line":133,"column":8}},{"start":{"line":133,"column":8},"end":{"line":133,"column":8}}]},"6":{"line":142,"type":"if","locations":[{"start":{"line":142,"column":8},"end":{"line":142,"column":8}},{"start":{"line":142,"column":8},"end":{"line":142,"column":8}}]},"7":{"line":170,"type":"if","locations":[{"start":{"line":170,"column":8},"end":{"line":170,"column":8}},{"start":{"line":170,"column":8},"end":{"line":170,"column":8}}]},"8":{"line":198,"type":"if","locations":[{"start":{"line":198,"column":8},"end":{"line":198,"column":8}},{"start":{"line":198,"column":8},"end":{"line":198,"column":8}}]},"9":{"line":230,"type":"if","locations":[{"start":{"line":230,"column":8},"end":{"line":230,"column":8}},{"start":{"line":230,"column":8},"end":{"line":230,"column":8}}]},"10":{"line":261,"type":"if","locations":[{"start":{"line":261,"column":8},"end":{"line":261,"column":8}},{"start":{"line":261,"column":8},"end":{"line":261,"column":8}}]},"11":{"line":292,"type":"if","locations":[{"start":{"line":292,"column":8},"end":{"line":292,"column":8}},{"start":{"line":292,"column":8},"end":{"line":292,"column":8}}]},"12":{"line":311,"type":"if","locations":[{"start":{"line":311,"column":8},"end":{"line":311,"column":8}},{"start":{"line":311,"column":8},"end":{"line":311,"column":8}}]},"13":{"line":312,"type":"if","locations":[{"start":{"line":312,"column":8},"end":{"line":312,"column":8}},{"start":{"line":312,"column":8},"end":{"line":312,"column":8}}]},"14":{"line":362,"type":"if","locations":[{"start":{"line":362,"column":8},"end":{"line":362,"column":8}},{"start":{"line":362,"column":8},"end":{"line":362,"column":8}}]},"15":{"line":363,"type":"if","locations":[{"start":{"line":363,"column":8},"end":{"line":363,"column":8}},{"start":{"line":363,"column":8},"end":{"line":363,"column":8}}]},"16":{"line":403,"type":"if","locations":[{"start":{"line":403,"column":8},"end":{"line":403,"column":8}},{"start":{"line":403,"column":8},"end":{"line":403,"column":8}}]},"17":{"line":409,"type":"if","locations":[{"start":{"line":409,"column":16},"end":{"line":409,"column":16}},{"start":{"line":409,"column":16},"end":{"line":409,"column":16}}]}}},"contracts/ERC721URIStorage.sol":{"l":{"20":1,"22":1,"23":1,"26":1,"27":0,"30":1,"31":1,"34":0,"45":13,"46":13,"60":0,"62":0,"63":0},"path":"/home/filippofantinato/Desktop/Stage/NFTLab/smart-contract-ethereum/smart-contract/contracts/ERC721URIStorage.sol","s":{"1":1,"2":1,"3":1,"4":1,"5":0,"6":1,"7":1,"8":0,"9":13,"10":13,"11":0,"12":0},"b":{"1":[1,0],"2":[0,1],"3":[1,0],"4":[13,0],"5":[0,0]},"f":{"1":1,"2":13,"3":0},"fnMap":{"1":{"name":"tokenURI","line":19,"loc":{"start":{"line":19,"column":4},"end":{"line":35,"column":4}}},"2":{"name":"_setTokenURI","line":44,"loc":{"start":{"line":44,"column":4},"end":{"line":47,"column":4}}},"3":{"name":"_burn","line":59,"loc":{"start":{"line":59,"column":4},"end":{"line":65,"column":4}}}},"statementMap":{"1":{"start":{"line":20,"column":8},"end":{"line":20,"column":85}},"2":{"start":{"line":22,"column":8},"end":{"line":22,"column":53}},"3":{"start":{"line":23,"column":8},"end":{"line":23,"column":39}},"4":{"start":{"line":26,"column":8},"end":{"line":26,"column":737}},"5":{"start":{"line":27,"column":12},"end":{"line":27,"column":28}},"6":{"start":{"line":30,"column":8},"end":{"line":30,"column":905}},"7":{"start":{"line":31,"column":12},"end":{"line":31,"column":60}},"8":{"start":{"line":34,"column":8},"end":{"line":34,"column":38}},"9":{"start":{"line":45,"column":8},"end":{"line":45,"column":82}},"10":{"start":{"line":46,"column":8},"end":{"line":46,"column":38}},"11":{"start":{"line":60,"column":8},"end":{"line":60,"column":27}},"12":{"start":{"line":62,"column":8},"end":{"line":62,"column":1735}}},"branchMap":{"1":{"line":20,"type":"if","locations":[{"start":{"line":20,"column":8},"end":{"line":20,"column":8}},{"start":{"line":20,"column":8},"end":{"line":20,"column":8}}]},"2":{"line":26,"type":"if","locations":[{"start":{"line":26,"column":8},"end":{"line":26,"column":8}},{"start":{"line":26,"column":8},"end":{"line":26,"column":8}}]},"3":{"line":30,"type":"if","locations":[{"start":{"line":30,"column":8},"end":{"line":30,"column":8}},{"start":{"line":30,"column":8},"end":{"line":30,"column":8}}]},"4":{"line":45,"type":"if","locations":[{"start":{"line":45,"column":8},"end":{"line":45,"column":8}},{"start":{"line":45,"column":8},"end":{"line":45,"column":8}}]},"5":{"line":62,"type":"if","locations":[{"start":{"line":62,"column":8},"end":{"line":62,"column":8}},{"start":{"line":62,"column":8},"end":{"line":62,"column":8}}]}}},"contracts/NFTLabStore.sol":{"l":{"44":60,"48":32,"49":26,"53":14,"55":13,"57":13,"59":13,"60":13,"62":13,"63":13,"65":13,"67":13,"71":3,"73":3,"75":3,"77":3,"87":2,"89":1,"93":3,"95":2,"99":2,"101":1,"105":2,"107":1,"111":1},"path":"/home/filippofantinato/Desktop/Stage/NFTLab/smart-contract-ethereum/smart-contract/contracts/NFTLabStore.sol","s":{"1":60,"2":32,"3":14,"4":13,"5":13,"6":13,"7":13,"8":13,"9":13,"10":13,"11":13,"12":3,"13":3,"14":3,"15":3,"16":2,"17":1,"18":3,"19":2,"20":2,"21":1,"22":2,"23":1,"24":1},"b":{"1":[26,6],"2":[13,1],"3":[1,1],"4":[2,1],"5":[1,1],"6":[1,1]},"f":{"1":60,"2":32,"3":14,"4":3,"5":2,"6":3,"7":2,"8":2,"9":1},"fnMap":{"1":{"name":"constructor","line":43,"loc":{"start":{"line":43,"column":4},"end":{"line":45,"column":4}}},"2":{"name":"isOwner","line":47,"loc":{"start":{"line":47,"column":4},"end":{"line":50,"column":4}}},"3":{"name":"mint","line":52,"loc":{"start":{"line":52,"column":4},"end":{"line":68,"column":4}}},"4":{"name":"transfer","line":70,"loc":{"start":{"line":70,"column":4},"end":{"line":84,"column":4}}},"5":{"name":"getHistory","line":86,"loc":{"start":{"line":86,"column":4},"end":{"line":90,"column":4}}},"6":{"name":"getTokenId","line":92,"loc":{"start":{"line":92,"column":4},"end":{"line":96,"column":4}}},"7":{"name":"getNFTByHash","line":98,"loc":{"start":{"line":98,"column":4},"end":{"line":102,"column":4}}},"8":{"name":"getNFTById","line":104,"loc":{"start":{"line":104,"column":4},"end":{"line":108,"column":4}}},"9":{"name":"_baseURI","line":110,"loc":{"start":{"line":110,"column":4},"end":{"line":112,"column":4}}}},"statementMap":{"1":{"start":{"line":44,"column":8},"end":{"line":44,"column":26}},"2":{"start":{"line":48,"column":8},"end":{"line":48,"column":73}},"3":{"start":{"line":53,"column":8},"end":{"line":53,"column":61}},"4":{"start":{"line":55,"column":8},"end":{"line":55,"column":28}},"5":{"start":{"line":57,"column":8},"end":{"line":57,"column":48}},"6":{"start":{"line":59,"column":8},"end":{"line":59,"column":40}},"7":{"start":{"line":60,"column":8},"end":{"line":60,"column":41}},"8":{"start":{"line":62,"column":8},"end":{"line":62,"column":30}},"9":{"start":{"line":63,"column":8},"end":{"line":63,"column":39}},"10":{"start":{"line":65,"column":8},"end":{"line":65,"column":34}},"11":{"start":{"line":67,"column":8},"end":{"line":67,"column":56}},"12":{"start":{"line":71,"column":8},"end":{"line":71,"column":45}},"13":{"start":{"line":73,"column":8},"end":{"line":73,"column":75}},"14":{"start":{"line":75,"column":8},"end":{"line":75,"column":42}},"15":{"start":{"line":77,"column":8},"end":{"line":77,"column":1910}},"16":{"start":{"line":87,"column":8},"end":{"line":87,"column":84}},"17":{"start":{"line":89,"column":8},"end":{"line":89,"column":32}},"18":{"start":{"line":93,"column":8},"end":{"line":93,"column":83}},"19":{"start":{"line":95,"column":8},"end":{"line":95,"column":30}},"20":{"start":{"line":99,"column":8},"end":{"line":99,"column":73}},"21":{"start":{"line":101,"column":8},"end":{"line":101,"column":37}},"22":{"start":{"line":105,"column":8},"end":{"line":105,"column":64}},"23":{"start":{"line":107,"column":8},"end":{"line":107,"column":24}},"24":{"start":{"line":111,"column":8},"end":{"line":111,"column":50}}},"branchMap":{"1":{"line":48,"type":"if","locations":[{"start":{"line":48,"column":8},"end":{"line":48,"column":8}},{"start":{"line":48,"column":8},"end":{"line":48,"column":8}}]},"2":{"line":53,"type":"if","locations":[{"start":{"line":53,"column":8},"end":{"line":53,"column":8}},{"start":{"line":53,"column":8},"end":{"line":53,"column":8}}]},"3":{"line":87,"type":"if","locations":[{"start":{"line":87,"column":8},"end":{"line":87,"column":8}},{"start":{"line":87,"column":8},"end":{"line":87,"column":8}}]},"4":{"line":93,"type":"if","locations":[{"start":{"line":93,"column":8},"end":{"line":93,"column":8}},{"start":{"line":93,"column":8},"end":{"line":93,"column":8}}]},"5":{"line":99,"type":"if","locations":[{"start":{"line":99,"column":8},"end":{"line":99,"column":8}},{"start":{"line":99,"column":8},"end":{"line":99,"column":8}}]},"6":{"line":105,"type":"if","locations":[{"start":{"line":105,"column":8},"end":{"line":105,"column":8}},{"start":{"line":105,"column":8},"end":{"line":105,"column":8}}]}}}}